<?xml version="1.0" encoding="UTF-8"?>
<testng-results ignored="0" total="1" passed="1" failed="0" skipped="0">
  <reporter-output>
  </reporter-output>
  <suite started-at="2018-08-19T07:57:28Z" name="com.qa.tests.LoginTest" finished-at="2018-08-19T07:57:28Z" duration-ms="47">
    <groups>
    </groups>
    <test started-at="2018-08-19T07:57:28Z" name="Command line test" finished-at="2018-08-19T07:57:28Z" duration-ms="47">
      <class name="com.qa.tests.LoginTest">
        <test-method signature="test()[pri:0, instance:com.qa.tests.LoginTest@6a192cfe]" started-at="2018-08-19T07:57:28Z" name="test" finished-at="2018-08-19T07:57:28Z" duration-ms="15" status="PASS">
          <reporter-output>
          </reporter-output>
        </test-method> <!-- test -->
      </class> <!-- com.qa.tests.LoginTest -->
    </test> <!-- Command line test -->
  </suite> <!-- com.qa.tests.LoginTest -->
</testng-results>
