<?xml version="1.0" encoding="UTF-8"?>
<testng-results skipped="0" failed="0" ignored="0" total="1" passed="1">
  <reporter-output>
  </reporter-output>
  <suite name="com.qa.tests.LoginTest" duration-ms="124" started-at="2018-08-18T04:47:28Z" finished-at="2018-08-18T04:47:28Z">
    <groups>
    </groups>
    <test name="Command line test" duration-ms="124" started-at="2018-08-18T04:47:28Z" finished-at="2018-08-18T04:47:28Z">
      <class name="com.qa.tests.LoginTest">
        <test-method status="PASS" signature="test()[pri:0, instance:com.qa.tests.LoginTest@47f6473]" name="test" duration-ms="34" started-at="2018-08-18T04:47:28Z" finished-at="2018-08-18T04:47:28Z">
          <reporter-output>
          </reporter-output>
        </test-method> <!-- test -->
      </class> <!-- com.qa.tests.LoginTest -->
    </test> <!-- Command line test -->
  </suite> <!-- com.qa.tests.LoginTest -->
</testng-results>
